DEPRECATION WARNING: config.action_view.debug_rjs will be removed in 3.1, from 3.1 onwards you will need to install prototype-rails to continue to use RJS templates . (called from <top (required)> at /home/affi/affimintus/sinatra-with-devise/config/environment.rb:5)
  [1m[36mSQL (0.3ms)[0m  [1m SELECT name
 FROM sqlite_master
 WHERE type = 'table' AND NOT name = 'sqlite_sequence'
[0m
  [1m[35mSQL (0.1ms)[0m   SELECT name
 FROM sqlite_master
 WHERE type = 'table' AND NOT name = 'sqlite_sequence'
  [1m[36mSQL (0.1ms)[0m  [1mSELECT "schema_migrations"."version" FROM "schema_migrations"[0m
Migrating to DeviseCreateUsers (20111031073508)
Migrating to AddNameToUsers (20111031185541)
  [1m[35mSQL (0.2ms)[0m  select sqlite_version(*)
  [1m[36mSQL (0.1ms)[0m  [1m SELECT name
 FROM sqlite_master
 WHERE type = 'table' AND NOT name = 'sqlite_sequence'
[0m
  [1m[35mSQL (0.1ms)[0m  SELECT "schema_migrations"."version" FROM "schema_migrations"
  [1m[36mSQL (0.1ms)[0m  [1m SELECT name
 FROM sqlite_master
 WHERE type = 'table' AND NOT name = 'sqlite_sequence'
[0m
  [1m[35mSQL (0.1ms)[0m  PRAGMA index_list("users")
  [1m[36mSQL (0.0ms)[0m  [1mPRAGMA index_info('index_users_on_authentication_token')[0m
  [1m[35mSQL (0.0ms)[0m  PRAGMA index_info('index_users_on_unlock_token')
  [1m[36mSQL (0.1ms)[0m  [1mPRAGMA index_info('index_users_on_confirmation_token')[0m
  [1m[35mSQL (0.0ms)[0m  PRAGMA index_info('index_users_on_reset_password_token')
  [1m[36mSQL (0.0ms)[0m  [1mPRAGMA index_info('index_users_on_email')[0m
DEPRECATION WARNING: config.action_view.debug_rjs will be removed in 3.1, from 3.1 onwards you will need to install prototype-rails to continue to use RJS templates . (called from <top (required)> at /home/affi/affimintus/sinatra-with-devise/config/environment.rb:5)
DEPRECATION WARNING: config.action_view.debug_rjs will be removed in 3.1, from 3.1 onwards you will need to install prototype-rails to continue to use RJS templates . (called from <top (required)> at /home/affi/affimintus/sinatra-with-devise/config/environment.rb:5)


Started GET "/" for 127.0.0.1 at 2016-12-02 13:42:41 +0530
  Processing by HomeController#index as HTML
Rendered home/index.html.erb within layouts/application (3.3ms)
Completed 200 OK in 8ms (Views: 7.4ms | ActiveRecord: 0.0ms)


Started GET "/users/sign_in" for 127.0.0.1 at 2016-12-02 13:42:44 +0530
  Processing by Devise::SessionsController#new as HTML
Rendered devise/shared/_links.erb (1.6ms)
Rendered devise/sessions/new.html.erb within layouts/application (14.0ms)
Completed 200 OK in 48ms (Views: 17.7ms | ActiveRecord: 0.0ms)


Started GET "/users/sign_in" for 127.0.0.1 at 2016-12-02 13:42:52 +0530
  Processing by Devise::SessionsController#new as HTML
Rendered devise/shared/_links.erb (1.7ms)
Rendered devise/sessions/new.html.erb within layouts/application (7.8ms)
Completed 200 OK in 38ms (Views: 11.9ms | ActiveRecord: 0.0ms)


Started GET "/users/sign_up" for 127.0.0.1 at 2016-12-02 13:42:54 +0530
  Processing by Devise::RegistrationsController#new as HTML
Rendered devise/shared/_links.erb (1.5ms)
Rendered devise/registrations/new.html.erb within layouts/application (20.7ms)
Completed 200 OK in 35ms (Views: 24.0ms | ActiveRecord: 0.0ms)


Started POST "/users" for 127.0.0.1 at 2016-12-02 13:43:20 +0530
  Processing by Devise::RegistrationsController#create as HTML
  Parameters: {"utf8"=>"✓", "authenticity_token"=>"ptLBOlOP8XveoNkJnCecde6TDC5+TDmQ8Q0IA9Tvth4=", "user"=>{"first_name"=>"vinay", "last_name"=>"sharma", "email"=>"vinay.affi@mailinator.com", "password"=>"[FILTERED]", "password_confirmation"=>"[FILTERED]"}, "commit"=>"Sign up"}
  [1m[36mSQL (0.1ms)[0m  [1mSELECT 1 FROM "users" WHERE ("users"."email" = 'vinay.affi@mailinator.com') LIMIT 1[0m
  [1m[35mSQL (0.1ms)[0m   SELECT name
 FROM sqlite_master
 WHERE type = 'table' AND NOT name = 'sqlite_sequence'
  [1m[36mUser Load (0.1ms)[0m  [1mSELECT "users".* FROM "users" WHERE "users"."confirmation_token" = 'FJG5NCkiApFzuADNJzpY' LIMIT 1[0m
  [1m[35mAREL (0.3ms)[0m  INSERT INTO "users" ("email", "encrypted_password", "reset_password_token", "reset_password_sent_at", "remember_created_at", "sign_in_count", "current_sign_in_at", "last_sign_in_at", "current_sign_in_ip", "last_sign_in_ip", "password_salt", "confirmation_token", "confirmed_at", "confirmation_sent_at", "failed_attempts", "unlock_token", "locked_at", "authentication_token", "created_at", "updated_at", "first_name", "last_name") VALUES ('vinay.affi@mailinator.com', '$2a$10$aOY9DKNiDt2FWJvRUyB8C.75eOI4179y2NWywvy7Ycalo7aygcRRK', NULL, NULL, NULL, 0, NULL, NULL, NULL, NULL, NULL, 'FJG5NCkiApFzuADNJzpY', NULL, '2016-12-02 08:13:20.993768', 0, NULL, NULL, NULL, '2016-12-02 08:13:20.993845', '2016-12-02 08:13:20.993845', 'vinay', 'sharma')
Rendered devise/mailer/confirmation_instructions.html.erb (0.6ms)

Sent mail to vinay.affi@mailinator.com (8324ms)
Date: Fri, 02 Dec 2016 13:43:21 +0530
From: please-change-me-at-config-initializers-devise@example.com
Reply-To: please-change-me-at-config-initializers-devise@example.com
To: vinay.affi@mailinator.com
Message-ID: <58412d215190_22191686a541141e@affi-desktop.mail>
Subject: Confirmation instructions
Mime-Version: 1.0
Content-Type: text/html;
 charset=UTF-8
Content-Transfer-Encoding: 7bit

<p>Welcome vinay.affi@mailinator.com!</p>

<p>You can confirm your account through the link below:</p>

<p><a href="http://localhost:3000/users/confirmation?confirmation_token=FJG5NCkiApFzuADNJzpY">Confirm my account</a></p>
Redirected to http://localhost:3000/
Completed 302 Found in 8542ms


Started GET "/" for 127.0.0.1 at 2016-12-02 13:43:29 +0530
  Processing by HomeController#index as HTML
Rendered home/index.html.erb within layouts/application (2.5ms)
Completed 200 OK in 7ms (Views: 6.7ms | ActiveRecord: 0.0ms)


Started GET "/" for 127.0.0.1 at 2016-12-02 13:44:05 +0530
  Processing by HomeController#index as HTML
Rendered home/index.html.erb within layouts/application (2.8ms)
Completed 200 OK in 8ms (Views: 7.2ms | ActiveRecord: 0.0ms)


Started GET "/users/sign_in" for 127.0.0.1 at 2016-12-02 13:44:09 +0530
  Processing by Devise::SessionsController#new as HTML
Rendered devise/shared/_links.erb (1.7ms)
Rendered devise/sessions/new.html.erb within layouts/application (8.2ms)
Completed 200 OK in 43ms (Views: 12.4ms | ActiveRecord: 0.0ms)
